<?xml version="1.0" encoding="UTF-8"?>
<testng-results skipped="0" failed="0" ignored="0" total="1" passed="1">
  <reporter-output>
  </reporter-output>
  <suite name="Default suite" duration-ms="40" started-at="2019-02-15T06:41:17Z" finished-at="2019-02-15T06:41:17Z">
    <groups>
    </groups>
    <test name="Default test" duration-ms="40" started-at="2019-02-15T06:41:17Z" finished-at="2019-02-15T06:41:17Z">
      <class name="selenium.jenkinsdemo.LoginTest">
        <test-method status="PASS" signature="LoginTest()[pri:0, instance:selenium.jenkinsdemo.LoginTest@5d5eef3d]" name="LoginTest" duration-ms="10" started-at="2019-02-15T12:11:17Z" finished-at="2019-02-15T12:11:17Z">
          <reporter-output>
          </reporter-output>
        </test-method> <!-- LoginTest -->
      </class> <!-- selenium.jenkinsdemo.LoginTest -->
    </test> <!-- Default test -->
  </suite> <!-- Default suite -->
</testng-results>
